b:\tmpproject\tmpname\librarian\librarian\debug\librarian.pch
b:\tmpproject\tmpname\librarian\librarian\debug\vc142.pdb
b:\tmpproject\tmpname\librarian\librarian\debug\pch.obj
b:\tmpproject\tmpname\librarian\librarian\debug\users.obj
b:\tmpproject\tmpname\librarian\librarian\debug\myform.obj
b:\tmpproject\tmpname\librarian\librarian\debug\form1.obj
b:\tmpproject\tmpname\librarian\librarian\debug\cppclr_winformsprojekt.obj
b:\tmpproject\tmpname\librarian\librarian\debug\assemblyinfo.obj
b:\tmpproject\tmpname\librarian\librarian\debug\.netframework,version=v4.7.2.assemblyattributes.obj
c:\users\lenovo\desktop\komp\tmpname\librarian\librarian\debug\librarian.form1.resources
b:\tmpproject\tmpname\librarian\librarian\debug\librarian.form1.resources
b:\tmpproject\tmpname\librarian\librarian\debug\librarian.myform.resources
c:\users\lenovo\desktop\project librarian\librarian\librarian\librarian\debug\librarian.form1.resources
c:\users\lenovo\desktop\project librarian\librarian\librarian\librarian\debug\librarian.myform.resources
c:\users\lenovo\desktop\project librarian\librarian\librarian\librarian\debug\librarian.users.resources
b:\tmpproject\tmpname\librarian\librarian\debug\librarian.users.resources
b:\tmpproject\tmpname\librarian\debug\librarian.exe
b:\tmpproject\tmpname\librarian\debug\librarian.pdb
b:\tmpproject\tmpname\librarian\librarian\debug\app.res
b:\tmpproject\tmpname\librarian\librarian\debug\librarian.tlog\cl.command.1.tlog
b:\tmpproject\tmpname\librarian\librarian\debug\librarian.tlog\cl.read.1.tlog
b:\tmpproject\tmpname\librarian\librarian\debug\librarian.tlog\cl.write.1.tlog
b:\tmpproject\tmpname\librarian\librarian\debug\librarian.tlog\librarian.write.1u.tlog
b:\tmpproject\tmpname\librarian\librarian\debug\librarian.tlog\link.command.1.tlog
b:\tmpproject\tmpname\librarian\librarian\debug\librarian.tlog\link.read.1.tlog
b:\tmpproject\tmpname\librarian\librarian\debug\librarian.tlog\link.write.1.tlog
b:\tmpproject\tmpname\librarian\librarian\debug\librarian.tlog\metagen.read.1.tlog
b:\tmpproject\tmpname\librarian\librarian\debug\librarian.tlog\metagen.write.1.tlog
b:\tmpproject\tmpname\librarian\librarian\debug\librarian.tlog\rc.command.1.tlog
b:\tmpproject\tmpname\librarian\librarian\debug\librarian.tlog\rc.read.1.tlog
b:\tmpproject\tmpname\librarian\librarian\debug\librarian.tlog\rc.write.1.tlog
